app/build/intermediates/manifest_merge_blame_file/debug/processDebugMainManifest/manifest-merger-blame-debug-report.txt
1<?xml version="1.0" encoding="utf-8"?>
2<manifest xmlns:android="http://schemas.android.com/apk/res/android"
3    package="com.mercadoapp"
4    android:versionCode="1"
5    android:versionName="1.0" >
6
7    <uses-sdk
8        android:minSdkVersion="26"
9        android:targetSdkVersion="35" />
10
11    <uses-permission android:name="android.permission.INTERNET" />
11-->src\main\AndroidManifest.xml:3:5-67
11-->src\main\AndroidManifest.xml:3:22-64
12
13    <queries>
13-->[com.github.chuckerteam.chucker:library:4.0.0] AndroidManifest.xml:7:5-13:15
14        <intent>
14-->[com.github.chuckerteam.chucker:library:4.0.0] AndroidManifest.xml:8:9-12:18
15            <action android:name="android.intent.action.CREATE_DOCUMENT" />
15-->[com.github.chuckerteam.chucker:library:4.0.0] AndroidManifest.xml:9:13-76
15-->[com.github.chuckerteam.chucker:library:4.0.0] AndroidManifest.xml:9:21-73
16
17            <data android:mimeType="*/*" />
17-->[com.github.chuckerteam.chucker:library:4.0.0] AndroidManifest.xml:11:13-44
17-->[com.github.chuckerteam.chucker:library:4.0.0] AndroidManifest.xml:11:19-41
18        </intent>
19    </queries>
20
21    <uses-permission
21-->[com.github.chuckerteam.chucker:library:4.0.0] AndroidManifest.xml:15:5-17:38
22        android:name="android.permission.WAKE_LOCK"
22-->[com.github.chuckerteam.chucker:library:4.0.0] AndroidManifest.xml:16:9-52
23        android:maxSdkVersion="25" />
23-->[com.github.chuckerteam.chucker:library:4.0.0] AndroidManifest.xml:17:9-35
24    <uses-permission android:name="android.permission.POST_NOTIFICATIONS" />
24-->[com.github.chuckerteam.chucker:library:4.0.0] AndroidManifest.xml:18:5-77
24-->[com.github.chuckerteam.chucker:library:4.0.0] AndroidManifest.xml:18:22-74
25
26    <permission
26-->[androidx.core:core:1.15.0] AndroidManifest.xml:22:5-24:47
27        android:name="com.mercadoapp.DYNAMIC_RECEIVER_NOT_EXPORTED_PERMISSION"
27-->[androidx.core:core:1.15.0] AndroidManifest.xml:23:9-81
28        android:protectionLevel="signature" />
28-->[androidx.core:core:1.15.0] AndroidManifest.xml:24:9-44
29
30    <uses-permission android:name="com.mercadoapp.DYNAMIC_RECEIVER_NOT_EXPORTED_PERMISSION" />
30-->[androidx.core:core:1.15.0] AndroidManifest.xml:26:5-97
30-->[androidx.core:core:1.15.0] AndroidManifest.xml:26:22-94
31
32    <application
32-->src\main\AndroidManifest.xml:5:5-20:19
33        android:name="com.mercadoapp.MercadoApp"
33-->src\main\AndroidManifest.xml:6:9-35
34        android:allowBackup="true"
34-->src\main\AndroidManifest.xml:7:9-35
35        android:appComponentFactory="androidx.core.app.CoreComponentFactory"
35-->[androidx.core:core:1.15.0] AndroidManifest.xml:28:18-86
36        android:debuggable="true"
37        android:extractNativeLibs="false"
38        android:label="MercadoApp"
38-->src\main\AndroidManifest.xml:8:9-35
39        android:networkSecurityConfig="@xml/network_security_config"
39-->src\main\AndroidManifest.xml:11:9-69
40        android:supportsRtl="true"
40-->src\main\AndroidManifest.xml:9:9-35
41        android:theme="@style/Theme.MercadoApp" >
41-->src\main\AndroidManifest.xml:10:9-48
42        <activity
42-->src\main\AndroidManifest.xml:12:9-19:20
43            android:name="com.mercadoapp.MainActivity"
43-->src\main\AndroidManifest.xml:13:13-41
44            android:exported="true" >
44-->src\main\AndroidManifest.xml:14:13-36
45            <intent-filter>
45-->src\main\AndroidManifest.xml:15:13-18:29
46                <action android:name="android.intent.action.MAIN" />
46-->src\main\AndroidManifest.xml:16:17-69
46-->src\main\AndroidManifest.xml:16:25-66
47
48                <category android:name="android.intent.category.LAUNCHER" />
48-->src\main\AndroidManifest.xml:17:17-77
48-->src\main\AndroidManifest.xml:17:27-74
49            </intent-filter>
50        </activity>
51        <activity
51-->[com.github.chuckerteam.chucker:library:4.0.0] AndroidManifest.xml:21:9-26:52
52            android:name="com.chuckerteam.chucker.internal.ui.MainActivity"
52-->[com.github.chuckerteam.chucker:library:4.0.0] AndroidManifest.xml:22:13-76
53            android:label="@string/chucker_name"
53-->[com.github.chuckerteam.chucker:library:4.0.0] AndroidManifest.xml:23:13-49
54            android:launchMode="singleTask"
54-->[com.github.chuckerteam.chucker:library:4.0.0] AndroidManifest.xml:24:13-44
55            android:taskAffinity="com.chuckerteam.chucker.task"
55-->[com.github.chuckerteam.chucker:library:4.0.0] AndroidManifest.xml:25:13-64
56            android:theme="@style/Chucker.Theme" />
56-->[com.github.chuckerteam.chucker:library:4.0.0] AndroidManifest.xml:26:13-49
57        <activity
57-->[com.github.chuckerteam.chucker:library:4.0.0] AndroidManifest.xml:27:9-30:52
58            android:name="com.chuckerteam.chucker.internal.ui.transaction.TransactionActivity"
58-->[com.github.chuckerteam.chucker:library:4.0.0] AndroidManifest.xml:28:13-95
59            android:parentActivityName="com.chuckerteam.chucker.internal.ui.MainActivity"
59-->[com.github.chuckerteam.chucker:library:4.0.0] AndroidManifest.xml:29:13-90
60            android:theme="@style/Chucker.Theme" />
60-->[com.github.chuckerteam.chucker:library:4.0.0] AndroidManifest.xml:30:13-49
61
62        <service
62-->[com.github.chuckerteam.chucker:library:4.0.0] AndroidManifest.xml:32:9-35:72
63            android:name="com.chuckerteam.chucker.internal.support.ClearDatabaseService"
63-->[com.github.chuckerteam.chucker:library:4.0.0] AndroidManifest.xml:33:13-89
64            android:exported="false"
64-->[com.github.chuckerteam.chucker:library:4.0.0] AndroidManifest.xml:34:13-37
65            android:permission="android.permission.BIND_JOB_SERVICE" />
65-->[com.github.chuckerteam.chucker:library:4.0.0] AndroidManifest.xml:35:13-69
66
67        <receiver
67-->[com.github.chuckerteam.chucker:library:4.0.0] AndroidManifest.xml:37:9-39:40
68            android:name="com.chuckerteam.chucker.internal.support.ClearDatabaseJobIntentServiceReceiver"
68-->[com.github.chuckerteam.chucker:library:4.0.0] AndroidManifest.xml:38:13-106
69            android:exported="false" />
69-->[com.github.chuckerteam.chucker:library:4.0.0] AndroidManifest.xml:39:13-37
70
71        <provider
71-->[com.github.chuckerteam.chucker:library:4.0.0] AndroidManifest.xml:41:9-49:20
72            android:name="com.chuckerteam.chucker.internal.support.ChuckerFileProvider"
72-->[com.github.chuckerteam.chucker:library:4.0.0] AndroidManifest.xml:42:13-88
73            android:authorities="com.mercadoapp.com.chuckerteam.chucker.provider"
73-->[com.github.chuckerteam.chucker:library:4.0.0] AndroidManifest.xml:43:13-84
74            android:exported="false"
74-->[com.github.chuckerteam.chucker:library:4.0.0] AndroidManifest.xml:44:13-37
75            android:grantUriPermissions="true" >
75-->[com.github.chuckerteam.chucker:library:4.0.0] AndroidManifest.xml:45:13-47
76            <meta-data
76-->[com.github.chuckerteam.chucker:library:4.0.0] AndroidManifest.xml:46:13-48:66
77                android:name="android.support.FILE_PROVIDER_PATHS"
77-->[com.github.chuckerteam.chucker:library:4.0.0] AndroidManifest.xml:47:17-67
78                android:resource="@xml/chucker_provider_paths" />
78-->[com.github.chuckerteam.chucker:library:4.0.0] AndroidManifest.xml:48:17-63
79        </provider>
80
81        <service
81-->[androidx.room:room-runtime:2.6.1] AndroidManifest.xml:24:9-28:63
82            android:name="androidx.room.MultiInstanceInvalidationService"
82-->[androidx.room:room-runtime:2.6.1] AndroidManifest.xml:25:13-74
83            android:directBootAware="true"
83-->[androidx.room:room-runtime:2.6.1] AndroidManifest.xml:26:13-43
84            android:exported="false" />
84-->[androidx.room:room-runtime:2.6.1] AndroidManifest.xml:27:13-37
85
86        <activity
86-->[androidx.compose.ui:ui-tooling-android:1.7.7] AndroidManifest.xml:23:9-25:39
87            android:name="androidx.compose.ui.tooling.PreviewActivity"
87-->[androidx.compose.ui:ui-tooling-android:1.7.7] AndroidManifest.xml:24:13-71
88            android:exported="true" />
88-->[androidx.compose.ui:ui-tooling-android:1.7.7] AndroidManifest.xml:25:13-36
89
90        <provider
90-->[androidx.emoji2:emoji2:1.3.0] AndroidManifest.xml:24:9-32:20
91            android:name="androidx.startup.InitializationProvider"
91-->[androidx.emoji2:emoji2:1.3.0] AndroidManifest.xml:25:13-67
92            android:authorities="com.mercadoapp.androidx-startup"
92-->[androidx.emoji2:emoji2:1.3.0] AndroidManifest.xml:26:13-68
93            android:exported="false" >
93-->[androidx.emoji2:emoji2:1.3.0] AndroidManifest.xml:27:13-37
94            <meta-data
94-->[androidx.emoji2:emoji2:1.3.0] AndroidManifest.xml:29:13-31:52
95                android:name="androidx.emoji2.text.EmojiCompatInitializer"
95-->[androidx.emoji2:emoji2:1.3.0] AndroidManifest.xml:30:17-75
96                android:value="androidx.startup" />
96-->[androidx.emoji2:emoji2:1.3.0] AndroidManifest.xml:31:17-49
97            <meta-data
97-->[androidx.lifecycle:lifecycle-process:2.8.7] AndroidManifest.xml:29:13-31:52
98                android:name="androidx.lifecycle.ProcessLifecycleInitializer"
98-->[androidx.lifecycle:lifecycle-process:2.8.7] AndroidManifest.xml:30:17-78
99                android:value="androidx.startup" />
99-->[androidx.lifecycle:lifecycle-process:2.8.7] AndroidManifest.xml:31:17-49
100            <meta-data
100-->[androidx.profileinstaller:profileinstaller:1.4.0] AndroidManifest.xml:29:13-31:52
101                android:name="androidx.profileinstaller.ProfileInstallerInitializer"
101-->[androidx.profileinstaller:profileinstaller:1.4.0] AndroidManifest.xml:30:17-85
102                android:value="androidx.startup" />
102-->[androidx.profileinstaller:profileinstaller:1.4.0] AndroidManifest.xml:31:17-49
103        </provider>
104
105        <activity
105-->[androidx.compose.ui:ui-test-manifest:1.7.7] AndroidManifest.xml:23:9-25:39
106            android:name="androidx.activity.ComponentActivity"
106-->[androidx.compose.ui:ui-test-manifest:1.7.7] AndroidManifest.xml:24:13-63
107            android:exported="true" />
107-->[androidx.compose.ui:ui-test-manifest:1.7.7] AndroidManifest.xml:25:13-36
108
109        <receiver
109-->[androidx.profileinstaller:profileinstaller:1.4.0] AndroidManifest.xml:34:9-52:20
110            android:name="androidx.profileinstaller.ProfileInstallReceiver"
110-->[androidx.profileinstaller:profileinstaller:1.4.0] AndroidManifest.xml:35:13-76
111            android:directBootAware="false"
111-->[androidx.profileinstaller:profileinstaller:1.4.0] AndroidManifest.xml:36:13-44
112            android:enabled="true"
112-->[androidx.profileinstaller:profileinstaller:1.4.0] AndroidManifest.xml:37:13-35
113            android:exported="true"
113-->[androidx.profileinstaller:profileinstaller:1.4.0] AndroidManifest.xml:38:13-36
114            android:permission="android.permission.DUMP" >
114-->[androidx.profileinstaller:profileinstaller:1.4.0] AndroidManifest.xml:39:13-57
115            <intent-filter>
115-->[androidx.profileinstaller:profileinstaller:1.4.0] AndroidManifest.xml:40:13-42:29
116                <action android:name="androidx.profileinstaller.action.INSTALL_PROFILE" />
116-->[androidx.profileinstaller:profileinstaller:1.4.0] AndroidManifest.xml:41:17-91
116-->[androidx.profileinstaller:profileinstaller:1.4.0] AndroidManifest.xml:41:25-88
117            </intent-filter>
118            <intent-filter>
118-->[androidx.profileinstaller:profileinstaller:1.4.0] AndroidManifest.xml:43:13-45:29
119                <action android:name="androidx.profileinstaller.action.SKIP_FILE" />
119-->[androidx.profileinstaller:profileinstaller:1.4.0] AndroidManifest.xml:44:17-85
119-->[androidx.profileinstaller:profileinstaller:1.4.0] AndroidManifest.xml:44:25-82
120            </intent-filter>
121            <intent-filter>
121-->[androidx.profileinstaller:profileinstaller:1.4.0] AndroidManifest.xml:46:13-48:29
122                <action android:name="androidx.profileinstaller.action.SAVE_PROFILE" />
122-->[androidx.profileinstaller:profileinstaller:1.4.0] AndroidManifest.xml:47:17-88
122-->[androidx.profileinstaller:profileinstaller:1.4.0] AndroidManifest.xml:47:25-85
123            </intent-filter>
124            <intent-filter>
124-->[androidx.profileinstaller:profileinstaller:1.4.0] AndroidManifest.xml:49:13-51:29
125                <action android:name="androidx.profileinstaller.action.BENCHMARK_OPERATION" />
125-->[androidx.profileinstaller:profileinstaller:1.4.0] AndroidManifest.xml:50:17-95
125-->[androidx.profileinstaller:profileinstaller:1.4.0] AndroidManifest.xml:50:25-92
126            </intent-filter>
127        </receiver>
128    </application>
129
130</manifest>